<?xml version="1.0" encoding="UTF-8"?>
<testsuite name="BasicTests" tests="18" skipped="0" failures="0" errors="0" timestamp="2024-03-05T01:13:33" hostname="codespaces-343732" time="0.192">
  <properties/>
  <testcase name="Correct string representation of a Point" classname="BasicTests" time="0.005"/>
  <testcase name="Latitude stored and retrieved correctly" classname="BasicTests" time="0.011"/>
  <testcase name="GPSException if longitude is too low" classname="BasicTests" time="0.002"/>
  <testcase name="GPSException when retrieving from an empty Track" classname="BasicTests" time="0.006"/>
  <testcase name="Appropriate exception if data file does not exist" classname="BasicTests" time="0.007"/>
  <testcase name="Points read into a Track correctly" classname="BasicTests" time="0.021"/>
  <testcase name="GPSException if latitude is too high" classname="BasicTests" time="0.001"/>
  <testcase name="GPSException if index is too low" classname="BasicTests" time="0.018"/>
  <testcase name="GPSException if longitude is too low" classname="BasicTests" time="0.008"/>
  <testcase name="GPSException if index is too high" classname="BasicTests" time="0.001"/>
  <testcase name="Elevation stored and retrieved correctly" classname="BasicTests" time="0.01"/>
  <testcase name="Time stored and retrieved correctly" classname="BasicTests" time="0.002"/>
  <testcase name="Longitude stored and retrieved correctly" classname="BasicTests" time="0.002"/>
  <testcase name="Size of a Track returned correctly" classname="BasicTests" time="0.002"/>
  <testcase name="GPSException if data file has fewer than 4 columns" classname="BasicTests" time="0.005"/>
  <testcase name="Old data cleared when reading a new file" classname="BasicTests" time="0.007"/>
  <testcase name="GPSException if longitude is too high" classname="BasicTests" time="0.002"/>
  <testcase name="Points stored in and retrieved from a Track correctly" classname="BasicTests" time="0.006"/>
  <system-out><![CDATA[2022-02-17T09:52:39Z,-1.547720,53.803941,69.8
2022-02-17T09:53:31Z,-1.548531,53.804616,72.5
2022-02-17T09:54:29Z,-1.549418,53.805238,68.1
2022-02-17T09:55:31Z,-1.550828,53.805469,70.5
2022-02-17T09:52:39Z,-1.547720,53.803941
2022-02-17T09:52:39Z,-1.547720,53.803941,69.8
2022-02-17T09:53:31Z,-1.548531,53.804616,72.5
2022-02-17T09:54:29Z,-1.549418,53.805238,68.1
2022-02-17T09:55:31Z,-1.550828,53.805469,70.5
]]></system-out>
  <system-err><![CDATA[]]></system-err>
</testsuite>
